make all --print-data-base --no-builtin-variables --no-builtin-rules --question
# GNU Make 3.81
# Copyright (C) 2006  Free Software Foundation, Inc.
# This is free software; see the source for copying conditions.
# There is NO warranty; not even for MERCHANTABILITY or FITNESS FOR A
# PARTICULAR PURPOSE.

# This program built for i386-apple-darwin11.3.0
 

# Make data base, printed on Sat Jun 26 18:11:49 2021

# Variables

# automatic
<D = $(patsubst %/,%,$(dir $<))
# automatic
?F = $(notdir $?)
# environment
ELECTRON_NO_ATTACH_CONSOLE = 1
# environment
VSCODE_LOG_NATIVE = false
# makefile (from `Makefile', line 26)
STACK = stack
# automatic
?D = $(patsubst %/,%,$(dir $?))
# automatic
@D = $(patsubst %/,%,$(dir $@))
# automatic
@F = $(notdir $@)
# makefile
CURDIR := /goinfre/keddib/42/minishell4.0
# makefile
SHELL = /bin/sh
# environment
VSCODE_NLS_CONFIG = {"locale":"en-us","availableLanguages":{},"_languagePackSupport":true}
# environment
_ = /usr/bin/make
# makefile (from `Makefile', line 1)
MAKEFILE_LIST :=  Makefile
# makefile (from `Makefile', line 16)
GCC = gcc -g -Wall -Wextra -Werror -lreadline -L /goinfre/keddib/brew/opt/readline/lib -I /goinfre/keddib/brew/opt/readline/include
# environment
VSCODE_NODE_CACHED_DATA_DIR = /Users/keddib/Library/Application Support/Code/CachedData/507ce72a4466fbb27b715c3722558bb15afa9f48
# environment
VSCODE_VERBOSE_LOGGING = true
# environment
VSCODE_IPC_HOOK_EXTHOST = /var/folders/zz/zyxvpxvq6csfxvn_n00004c8000132/T/vscode-ipc-fc1394a0-b8a3-4b48-afa9-dab3eeb72bdb.sock
# environment
VSCODE_CWD = /goinfre/keddib/42/minishell4.0
# environment
Apple_PubSub_Socket_Render = /private/tmp/com.apple.launchd.irNjvXB32u/Render
# environment
PATH = /Users/keddib/goinfre/brew/bin:/usr/local/bin:/usr/bin:/bin:/usr/sbin:/sbin:/usr/local/munki:/Users/keddib/goinfre/Visual Studio Code.app/Contents/Resources/app/bin
# environment
LSCOLORS = Gxfxcxdxbxegedabagacad
# environment
VSCODE_LOG_STACK = false
# environment
ELECTRON_RUN_AS_NODE = 1
# default
.FEATURES := target-specific order-only second-expansion else-if archives jobserver check-symlink
# environment
SSH_AUTH_SOCK = /private/tmp/com.apple.launchd.Rt1aIMmhun/Listeners
# automatic
%F = $(notdir $%)
# makefile (from `Makefile', line 32)
EXPN = expansion
# environment
VSCODE_PIPE_LOGGING = true
# environment
PWD = /Users/keddib/goinfre/42/minishell4.0
# makefile (from `Makefile', line 20)
BUILTINS = builtins
# environment
ORIGINAL_XDG_CURRENT_DESKTOP = undefined
# environment
MINIKUBE_HOME = /Users/keddib/goinfre/minikube
# environment
VSCODE_AMD_ENTRYPOINT = vs/workbench/services/extensions/node/extensionHostProcess
# environment
HOME = /Users/keddib
# default
MAKEFILEPATH := /Applications/Xcode.app/Contents/Developer/Makefiles
# environment
VSCODE_CLI = 1
# environment
LOGNAME = keddib
# environment
APPLICATION_INSIGHTS_NO_DIAGNOSTIC_CHANNEL = true
# environment
ZSH = /Users/keddib/.oh-my-zsh
# environment
VSCODE_HANDLES_UNCAUGHT_ERRORS = true
# automatic
^D = $(patsubst %/,%,$(dir $^))
# environment
XPC_FLAGS = 0x0
# environment
COLORTERM = truecolor
# default
MAKE = $(MAKE_COMMAND)
# makefile (from `Makefile', line 30)
S_SH = start_shell
# environment
LC_TERMINAL = iTerm2
# makefile (from `Makefile', line 40)
SRCS = minishell.c $(STR)/strings.c $(STR)/strings_2.c $(STR)/strings_3.c $(STR)/ft_split.c $(STR)/ft_strjoin.c $(STR)/ft_putstr_fd.c $(STR)/ft_itoa.c $(STR)/ft_strrchr.c $(STR)/strings_4.c $(M_UTILS)/command.c $(M_UTILS)/find_binary_path.c $(M_UTILS)/arguments_array.c $(M_UTILS)/pipeline.c $(M_UTILS)/redirections.c $(M_UTILS)/signals.c $(M_UTILS)/sort.c $(M_UTILS)/tokens.c $(M_UTILS)/variables.c $(lST_M)/lst_methodes.c $(lST_M)/lst_methodes_2.c $(STACK)/stack.c $(STACK)/stack_2.c $(PARSER)/parser.c $(S_SH)/start_shell.c $(S_SH)/new_input.c $(EXPN)/expansions.c $(EXPN)/expan_env.c $(EXPN)/expan_quotes.c $(EXCT)/execute_builtins.c $(EXCT)/execute_pipeline.c $(EXCT)/execute_pipeline2.c $(EXCT)/execute_cmd.c $(LEXER)/lexer.c $(LEXER)/tokenizer.c $(ENV)/build_env_var.c $(ENV)/build_env_var2.c $(ENV)/manip_env.c $(ENV)/get_env_var.c $(BUILTINS)/builtin_methodes.c $(BUILTINS)/cd.c $(BUILTINS)/echo.c $(BUILTINS)/env.c $(BUILTINS)/exit.c $(BUILTINS)/export.c $(BUILTINS)/export_utils.c $(BUILTINS)/pwd.c $(BUILTINS)/unset.c 
# environment
SHLVL = 3
# default
MAKE_VERSION := 3.81
# environment
USER = keddib
# makefile
.DEFAULT_GOAL := all
# default
MAKECMDGOALS := all
# environment
TERM_SESSION_ID = w0t0p0:BF7D27C5-19D6-44C5-8EC6-EF074EB63131
# makefile (from `Makefile', line 13)
NAME = minishell
# environment
LESS = -R
# automatic
%D = $(patsubst %/,%,$(dir $%))
# default
MAKE_COMMAND := /Applications/Xcode.app/Contents/Developer/usr/bin/make
# environment
TERM_PROGRAM = iTerm.app
# default
.VARIABLES := 
# environment
TMPDIR = /var/folders/zz/zyxvpxvq6csfxvn_n00004c8000132/T/
# automatic
*F = $(notdir $*)
# environment
VSCODE_IPC_HOOK = /Users/keddib/Library/Application Support/Code/1.57.1-main.sock
# makefile (from `Makefile', line 18)
STR = strings
# makefile
MAKEFLAGS = Rrqp
# environment
MFLAGS = -Rrqp
# automatic
*D = $(patsubst %/,%,$(dir $*))
# environment
TERM_PROGRAM_VERSION = 3.3.11
# makefile (from `Makefile', line 36)
LEXER = lexer
# environment
XPC_SERVICE_NAME = 0
# environment
LC_TERMINAL_VERSION = 3.3.11
# automatic
+D = $(patsubst %/,%,$(dir $+))
# automatic
+F = $(notdir $+)
# environment
ITERM_SESSION_ID = w0t0p0:BF7D27C5-19D6-44C5-8EC6-EF074EB63131
# environment
COLORFGBG = 7;0
# environment
__CF_USER_TEXT_ENCODING = 0x462:0x0:0x0
# default
MAKEFILES := 
# automatic
<F = $(notdir $<)
# environment
ITERM_PROFILE = Default
# environment
PAGER = less
# environment
LC_ALL = C
# automatic
^F = $(notdir $^)
# makefile (from `Makefile', line 24)
lST_M = lst_methodes
# default
SUFFIXES := 
# default
.INCLUDE_DIRS = /usr/local/include
# environment
MAKELEVEL := 0
# makefile (from `Makefile', line 34)
EXCT = execution
# makefile (from `Makefile', line 38)
ENV = environment
# environment
LANG = C
# environment
TERM = xterm-256color
# makefile (from `Makefile', line 22)
M_UTILS = minishell_utils
# environment
VSCODE_PID = 2789
# makefile (from `Makefile', line 28)
PARSER = parsing
# variable set hash-table stats:
# Load=92/1024=9%, Rehash=0, Collisions=12/166=7%

# Pattern-specific Variable Values

# No pattern-specific variable values.

# Directories

# . (device 16777223, inode 12886939901): 22 files, no impossibilities.

# 22 files, no impossibilities in 1 directories.

# Implicit Rules

# No implicit rules.

# Files

# Not a target:
lst_methodes/lst_methodes.c:
#  Implicit rule search has been done.
#  Last modified 2021-06-26 14:31:10
#  File has been updated.
#  Successfully updated.
# variable set hash-table stats:
# Load=0/32=0%, Rehash=0, Collisions=0/0=0%

# Not a target:
environment/manip_env.c:
#  Implicit rule search has been done.
#  Last modified 2021-06-26 14:31:10
#  File has been updated.
#  Successfully updated.
# variable set hash-table stats:
# Load=0/32=0%, Rehash=0, Collisions=0/0=0%

# Not a target:
builtins/env.c:
#  Implicit rule search has been done.
#  Last modified 2021-06-26 14:31:10
#  File has been updated.
#  Successfully updated.
# variable set hash-table stats:
# Load=0/32=0%, Rehash=0, Collisions=0/0=0%

# Not a target:
builtins/unset.c:
#  Implicit rule search has been done.
#  Last modified 2021-06-26 14:31:10
#  File has been updated.
#  Successfully updated.
# variable set hash-table stats:
# Load=0/32=0%, Rehash=0, Collisions=0/0=0%

# Not a target:
execution/execute_pipeline.c:
#  Implicit rule search has been done.
#  Last modified 2021-06-26 14:31:10
#  File has been updated.
#  Successfully updated.
# variable set hash-table stats:
# Load=0/32=0%, Rehash=0, Collisions=0/0=0%

all: minishell
#  Phony target (prerequisite of .PHONY).
#  Command-line target.
#  Implicit rule search has not been done.
#  File does not exist.
#  File has been updated.
#  Successfully updated.
# variable set hash-table stats:
# Load=0/32=0%, Rehash=0, Collisions=0/0=0%

# Not a target:
minishell_utils/arguments_array.c:
#  Implicit rule search has been done.
#  Last modified 2021-06-26 14:31:10
#  File has been updated.
#  Successfully updated.
# variable set hash-table stats:
# Load=0/32=0%, Rehash=0, Collisions=0/0=0%

.PHONY: clean fclean re all
#  Implicit rule search has not been done.
#  Modification time never checked.
#  File has not been updated.

# Not a target:
environment/build_env_var2.c:
#  Implicit rule search has been done.
#  Last modified 2021-06-26 14:31:10
 
#  File has been updated.
#  Successfully updated.
# variable set hash-table stats:
# Load=0/32=0%, Rehash=0, Collisions=0/0=0%

# Not a target:
strings/ft_itoa.c:
#  Implicit rule search has been done.
#  Last modified 2021-06-26 14:31:10
#  File has been updated.
#  Successfully updated.
# variable set hash-table stats:
# Load=0/32=0%, Rehash=0, Collisions=0/0=0%

# Not a target:
strings/strings_3.c:
#  Implicit rule search has been done.
#  Last modified 2021-06-26 14:31:10
#  File has been updated.
#  Successfully updated.
# variable set hash-table stats:
# Load=0/32=0%, Rehash=0, Collisions=0/0=0%

# Not a target:
builtins/export_utils.c:
#  Implicit rule search has been done.
#  Last modified 2021-06-26 14:31:10
#  File has been updated.
#  Successfully updated.
# variable set hash-table stats:
# Load=0/32=0%, Rehash=0, Collisions=0/0=0%

# Not a target:
.SUFFIXES:
#  Implicit rule search has not been done.
#  Modification time never checked.
#  File has not been updated.

# Not a target:
strings/ft_strrchr.c:
#  Implicit rule search has been done.
#  Last modified 2021-06-26 14:31:10
#  File has been updated.
#  Successfully updated.
# variable set hash-table stats:
# Load=0/32=0%, Rehash=0, Collisions=0/0=0%

# Not a target:
Makefile:
#  Implicit rule search has been done.
#  Last modified 2021-06-26 18:11:36
#  File has been updated.
#  Successfully updated.
# variable set hash-table stats:
# Load=0/32=0%, Rehash=0, Collisions=0/0=0%

# Not a target:
strings/ft_strjoin.c:
#  Implicit rule search has been done.
#  Last modified 2021-06-26 14:31:10
#  File has been updated.
#  Successfully updated.
# variable set hash-table stats:
# Load=0/32=0%, Rehash=0, Collisions=0/0=0%

# Not a target:
strings/ft_split.c:
#  Implicit rule search has been done.
#  Last modified 2021-06-26 14:31:10
#  File has been updated.
#  Successfully updated.
# variable set hash-table stats:
# Load=0/32=0%, Rehash=0, Collisions=0/0=0%

# Not a target:
expansion/expan_env.c:
#  Implicit rule search has been done.
#  Last modified 2021-06-26 14:31:10
#  File has been updated.
#  Successfully updated.
# variable set hash-table stats:
# Load=0/32=0%, Rehash=0, Collisions=0/0=0%

# Not a target:
expansion/expan_quotes.c:
#  Implicit rule search has been done.
#  Last modified 2021-06-26 17:52:42
#  File has been updated.
#  Successfully updated.
# variable set hash-table stats:
# Load=0/32=0%, Rehash=0, Collisions=0/0=0%

# Not a target:
minishell_utils/tokens.c:
#  Implicit rule search has been done.
#  Last modified 2021-06-26 14:31:10
#  File has been updated.
#  Successfully updated.
# variable set hash-table stats:
# Load=0/32=0%, Rehash=0, Collisions=0/0=0%

# Not a target:
lst_methodes/lst_methodes_2.c:
#  Implicit rule search has been done.
#  Last modified 2021-06-26 14:31:10
#  File has been updated.
#  Successfully updated.
# variable set hash-table stats:
# Load=0/32=0%, Rehash=0, Collisions=0/0=0%

# Not a target:
start_shell/new_input.c:
#  Implicit rule search has been done.
#  Last modified 2021-06-26 15:13:33
#  File has been updated.
#  Successfully updated.
# variable set hash-table stats:
# Load=0/32=0%, Rehash=0, Collisions=0/0=0%

# Not a target:
stack/stack.c:
#  Implicit rule search has been done.
#  Last modified 2021-06-26 14:31:10
#  File has been updated.
#  Successfully updated.
# variable set hash-table stats:
# Load=0/32=0%, Rehash=0, Collisions=0/0=0%

# Not a target:
execution/execute_cmd.c:
#  Implicit rule search has been done.
#  Last modified 2021-06-26 14:31:10
#  File has been updated.
#  Successfully updated.
# variable set hash-table stats:
# Load=0/32=0%, Rehash=0, Collisions=0/0=0%

minishell: minishell.c strings/strings.c strings/strings_2.c strings/strings_3.c strings/ft_split.c strings/ft_strjoin.c strings/ft_putstr_fd.c strings/ft_itoa.c strings/ft_strrchr.c strings/strings_4.c minishell_utils/command.c minishell_utils/find_binary_path.c minishell_utils/arguments_array.c minishell_utils/pipeline.c minishell_utils/redirections.c minishell_utils/signals.c minishell_utils/sort.c minishell_utils/tokens.c minishell_utils/variables.c lst_methodes/lst_methodes.c lst_methodes/lst_methodes_2.c stack/stack.c stack/stack_2.c parsing/parser.c start_shell/start_shell.c start_shell/new_input.c expansion/expansions.c expansion/expan_env.c expansion/expan_quotes.c execution/execute_builtins.c execution/execute_pipeline.c execution/execute_pipeline2.c execution/execute_cmd.c lexer/lexer.c lexer/tokenizer.c environment/build_env_var.c environment/build_env_var2.c environment/manip_env.c environment/get_env_var.c builtins/builtin_methodes.c builtins/cd.c builtins/echo.c builtins/env.c builtins/exit.c builtins/export.c builtins/export_utils.c builtins/pwd.c builtins/unset.c get_next_line/gnl.a
#  Implicit rule search has not been done.
#  Last modified 2021-06-26 18:11:40
#  File has been updated.
#  Successfully updated.
# variable set hash-table stats:
# Load=0/32=0%, Rehash=0, Collisions=0/0=0%
#  commands to execute (from `Makefile', line 96):
	$(MAKE) -C get_next_line
	$(GCC) -o $(NAME) $(SRCS) get_next_line/gnl.a
	

# Not a target:
strings/strings.c:
#  Implicit rule search has been done.
#  Last modified 2021-06-26 14:31:10
#  File has been updated.
#  Successfully updated.
# variable set hash-table stats:
# Load=0/32=0%, Rehash=0, Collisions=0/0=0%

# Not a target:
execution/execute_builtins.c:
#  Implicit rule search has been done.
#  Last modified 2021-06-26 14:31:10
#  File has been updated.
#  Successfully updated.
# variable set hash-table stats:
# Load=0/32=0%, Rehash=0, Collisions=0/0=0%

# Not a target:
minishell_utils/signals.c:
#  Implicit rule search has been done.
#  Last modified 2021-06-26 17:15:47
#  File has been updated.
#  Successfully updated.
# variable set hash-table stats:
# Load=0/32=0%, Rehash=0, Collisions=0/0=0%

# Not a target:
builtins/pwd.c:
#  Implicit rule search has been done.
#  Last modified 2021-06-26 14:31:10
#  File has been updated.
#  Successfully updated.
# variable set hash-table stats:
# Load=0/32=0%, Rehash=0, Collisions=0/0=0%

fclean: clean
#  Phony target (prerequisite of .PHONY).
#  Implicit rule search has not been done.
#  File does not exist.
#  File has not been updated.
#  commands to execute (from `Makefile', line 103):
	rm -rf $(NAME)
	

# Not a target:
builtins/cd.c:
#  Implicit rule search has been done.
#  Last modified 2021-06-26 14:31:10
#  File has been updated.
#  Successfully updated.
# variable set hash-table stats:
# Load=0/32=0%, Rehash=0, Collisions=0/0=0%

# Not a target:
execution/execute_pipeline2.c:
#  Implicit rule search has been done.
#  Last modified 2021-06-26 14:31:10
#  File has been updated.
#  Successfully updated.
# variable set hash-table stats:
# Load=0/32=0%, Rehash=0, Collisions=0/0=0%

# Not a target:
minishell_utils/pipeline.c:
#  Implicit rule search has been done.
#  Last modified 2021-06-26 14:31:10
#  File has been updated.
#  Successfully updated.
# variable set hash-table stats:
# Load=0/32=0%, Rehash=0, Collisions=0/0=0%

# Not a target:
lexer/tokenizer.c:
#  Implicit rule search has been done.
#  Last modified 2021-06-26 14:31:10
#  File has been updated.
#  Successfully updated.
# variable set hash-table stats:
# Load=0/32=0%, Rehash=0, Collisions=0/0=0%

# Not a target:
builtins/echo.c:
#  Implicit rule search has been done.
#  Last modified 2021-06-26 14:31:10
#  File has been updated.
#  Successfully updated.
# variable set hash-table stats:
# Load=0/32=0%, Rehash=0, Collisions=0/0=0%

# Not a target:
.DEFAULT:
#  Implicit rule search has not been done.
#  Modification time never checked.
#  File has not been updated.

# Not a target:
builtins/export.c:
#  Implicit rule search has been done.
#  Last modified 2021-06-26 14:31:10
#  File has been updated.
#  Successfully updated.
# variable set hash-table stats:
# Load=0/32=0%, Rehash=0, Collisions=0/0=0%

# Not a target:
builtins/builtin_methodes.c:
#  Implicit rule search has been done.
#  Last modified 2021-06-26 14:31:10
#  File has been updated.
#  Successfully updated.
# variable set hash-table stats:
# Load=0/32=0%, Rehash=0, Collisions=0/0=0%

re: fclean all
 
#  Phony target (prerequisite of .PHONY).
#  Implicit rule search has not been done.
#  File does not exist.
#  File has not been updated.

# Not a target:
start_shell/start_shell.c:
#  Implicit rule search has been done.
#  Last modified 2021-06-26 17:15:47
#  File has been updated.
#  Successfully updated.
# variable set hash-table stats:
# Load=0/32=0%, Rehash=0, Collisions=0/0=0%

clean:
#  Phony target (prerequisite of .PHONY).
#  Implicit rule search has not been done.
#  File does not exist.
#  File has not been updated.
#  commands to execute (from `Makefile', line 100):
	rm -rf *.o get_next_line/gnl.a
	

# Not a target:
expansion/expansions.c:
#  Implicit rule search has been done.
#  Last modified 2021-06-26 17:26:44
#  File has been updated.
#  Successfully updated.
# variable set hash-table stats:
# Load=0/32=0%, Rehash=0, Collisions=0/0=0%

# Not a target:
environment/build_env_var.c:
#  Implicit rule search has been done.
#  Last modified 2021-06-26 14:31:10
#  File has been updated.
#  Successfully updated.
# variable set hash-table stats:
# Load=0/32=0%, Rehash=0, Collisions=0/0=0%

# Not a target:
minishell_utils/variables.c:
#  Implicit rule search has been done.
#  Last modified 2021-06-26 14:31:10
#  File has been updated.
#  Successfully updated.
# variable set hash-table stats:
# Load=0/32=0%, Rehash=0, Collisions=0/0=0%

# Not a target:
minishell_utils/command.c:
#  Implicit rule search has been done.
#  Last modified 2021-06-26 14:31:10
#  File has been updated.
#  Successfully updated.
# variable set hash-table stats:
# Load=0/32=0%, Rehash=0, Collisions=0/0=0%

# Not a target:
parsing/parser.c:
#  Implicit rule search has been done.
#  Last modified 2021-06-26 14:31:10
#  File has been updated.
#  Successfully updated.
# variable set hash-table stats:
# Load=0/32=0%, Rehash=0, Collisions=0/0=0%

# Not a target:
stack/stack_2.c:
#  Implicit rule search has been done.
#  Last modified 2021-06-26 14:31:10
#  File has been updated.
#  Successfully updated.
# variable set hash-table stats:
# Load=0/32=0%, Rehash=0, Collisions=0/0=0%

# Not a target:
minishell.c:
#  Implicit rule search has been done.
#  Last modified 2021-06-26 14:31:10
#  File has been updated.
#  Successfully updated.
# variable set hash-table stats:
# Load=0/32=0%, Rehash=0, Collisions=0/0=0%

# Not a target:
strings/strings_2.c:
#  Implicit rule search has been done.
#  Last modified 2021-06-26 14:31:10
#  File has been updated.
#  Successfully updated.
# variable set hash-table stats:
# Load=0/32=0%, Rehash=0, Collisions=0/0=0%

get_next_line/gnl.a:
#  Implicit rule search has not been done.
#  Last modified 2021-06-26 18:11:38
#  File has been updated.
#  Successfully updated.
#  commands to execute (from `Makefile', line 93):
	$(MAKE) -C get_next_line
	

# Not a target:
minishell_utils/find_binary_path.c:
#  Implicit rule search has been done.
#  Last modified 2021-06-26 14:31:10
#  File has been updated.
#  Successfully updated.
# variable set hash-table stats:
# Load=0/32=0%, Rehash=0, Collisions=0/0=0%

# Not a target:
strings/ft_putstr_fd.c:
#  Implicit rule search has been done.
#  Last modified 2021-06-26 14:31:10
#  File has been updated.
#  Successfully updated.
# variable set hash-table stats:
# Load=0/32=0%, Rehash=0, Collisions=0/0=0%

# Not a target:
minishell_utils/redirections.c:
#  Implicit rule search has been done.
#  Last modified 2021-06-26 14:31:10
#  File has been updated.
#  Successfully updated.
# variable set hash-table stats:
# Load=0/32=0%, Rehash=0, Collisions=0/0=0%

# Not a target:
strings/strings_4.c:
#  Implicit rule search has been done.
#  Last modified 2021-06-26 14:31:10
#  File has been updated.
#  Successfully updated.
# variable set hash-table stats:
# Load=0/32=0%, Rehash=0, Collisions=0/0=0%

# Not a target:
builtins/exit.c:
#  Implicit rule search has been done.
#  Last modified 2021-06-26 14:31:10
#  File has been updated.
#  Successfully updated.
# variable set hash-table stats:
# Load=0/32=0%, Rehash=0, Collisions=0/0=0%

# Not a target:
environment/get_env_var.c:
#  Implicit rule search has been done.
#  Last modified 2021-06-26 14:31:10
#  File has been updated.
#  Successfully updated.
# variable set hash-table stats:
# Load=0/32=0%, Rehash=0, Collisions=0/0=0%

# Not a target:
lexer/lexer.c:
#  Implicit rule search has been done.
#  Last modified 2021-06-26 14:31:10
#  File has been updated.
#  Successfully updated.
# variable set hash-table stats:
# Load=0/32=0%, Rehash=0, Collisions=0/0=0%

# Not a target:
minishell_utils/sort.c:
#  Implicit rule search has been done.
#  Last modified 2021-06-26 14:31:10
#  File has been updated.
#  Successfully updated.
# variable set hash-table stats:
# Load=0/32=0%, Rehash=0, Collisions=0/0=0%

# files hash-table stats:
# Load=58/1024=6%, Rehash=0, Collisions=5/128=4%
# VPATH Search Paths

# No `vpath' search paths.

# No general (`VPATH' variable) search path.

# # of strings in strcache: 1
# # of strcache buffers: 1
# strcache size: total = 4096 / max = 4096 / min = 4096 / avg = 4096
# strcache free: total = 4087 / max = 4087 / min = 4087 / avg = 4087

# Finished Make data base on Sat Jun 26 18:11:49 2021

 
